<?xml version="1.0" encoding="UTF-8"?>
<!-- Generated by org.testng.reporters.JUnitXMLReporter -->
<testsuite ignored="0" hostname="Harsh" failures="1" tests="1" name="Test" time="0.072" errors="0" timestamp="2022-12-07T04:21:34 IST">
  <testcase classname="crossBrowserTesting.CBTTesting" name="BrowserTesting" time="0.0">
    <failure type="org.testng.TestNGException" message="
Parameter &amp;apos;browserName&amp;apos; is required by @Test on method BrowserTesting but has not been marked @Optional or defined
in C:\Users\ADMIN\eclipse-workspace\SeleniumStudy\CBT.xml">
      <![CDATA[org.testng.TestNGException: 
Parameter 'browserName' is required by @Test on method BrowserTesting but has not been marked @Optional or defined
in C:\Users\ADMIN\eclipse-workspace\SeleniumStudy\CBT.xml
at java.base/java.util.ArrayList.forEach(ArrayList.java:1541)
... Removed 26 stack frames]]>
    </failure>
  </testcase> <!-- BrowserTesting -->
</testsuite> <!-- Test -->
